190 118-Sec13ndAnniv.mp3
39 076-Sec13ndAnniv.mp3
38 075-Sec13ndAnniv.mp3
33 015-Sec13ndAnniv.mp3
30 036-Sec13ndAnniv.mp3
436 236-Sec13ndAnniv.mp3
431 231-Sec13ndAnniv.mp3
331 202-Sec13ndAnniv.mp3
6 035-Sec13ndAnniv.mp3
91 009-Sec13ndAnniv.mp3
90 008-Sec13ndAnniv.mp3
92 066-Sec13ndAnniv.mp3
24 019-Sec13ndAnniv.mp3
25 020-Sec13ndAnniv.mp3
20 005-Sec13ndAnniv.mp3
28 033-Sec13ndAnniv.mp3
29 034-Sec13ndAnniv.mp3
87 004-Sec13ndAnniv.mp3
7 037-Sec13ndAnniv.mp3
176 176-Sec13ndAnniv.mp3
11 014-Sec13ndAnniv.mp3
17 091-Sec13ndAnniv.mp3
19 093-Sec13ndAnniv.mp3
18 092-Sec13ndAnniv.mp3
77 003-Sec13ndAnniv.mp3
75 065-Sec13ndAnniv.mp3
122 119-Sec13ndAnniv.mp3
124 124-Sec13ndAnniv.mp3
125 125-Sec13ndAnniv.mp3
414 214-Sec13ndAnniv.mp3
415 215-Sec13ndAnniv.mp3
413 213-Sec13ndAnniv.mp3
60 053-Sec13ndAnniv.mp3
59 052-Sec13ndAnniv.mp3
115 111-Sec13ndAnniv.mp3
425 225-Sec13ndAnniv.mp3
154 154-Sec13ndAnniv.mp3
46 083-Sec13ndAnniv.mp3
47 084-Sec13ndAnniv.mp3
41 078-Sec13ndAnniv.mp3
